<?xml version="1.0" encoding="UTF-8"?>
<testsuite xmlns:xsi="http://www.w3.org/2001/XMLSchema-instance" xsi:noNamespaceSchemaLocation="https://maven.apache.org/surefire/maven-surefire-plugin/xsd/surefire-test-report.xsd" version="3.0.2" name="com.services.employee.EmployeeServiceTest" time="0.102" tests="6" errors="0" skipped="0" failures="0">
  <properties>
[...]
</properties>
  <testcase name="createEmployee_duplicateEmail_throwsException" classname="com.services.employee.EmployeeServiceTest" time="0.057"/>
  <testcase name="createEmployee_assignsId" classname="com.services.employee.EmployeeServiceTest" time="0.01"/>
  <testcase name="getEmployeeById_notFound_throwsException" classname="com.services.employee.EmployeeServiceTest" time="0.003"/>
  <testcase name="getAllEmployees_returnsSeedData" classname="com.services.employee.EmployeeServiceTest" time="0.007"/>
  <testcase name="updateEmployee_partialUpdate_appliesChanges" classname="com.services.employee.EmployeeServiceTest" time="0.001"/>
  <testcase name="deleteEmployee_removesFromStore" classname="com.services.employee.EmployeeServiceTest" time="0.001"/>
</testsuite>